<?xml version="1.0" encoding="UTF-8"?>
<!-- Generated by org.testng.reporters.JUnitReportReporter -->
<testsuite ignored="0" hostname="LAPTOP-E0TSO96V" failures="0" tests="1" name="NewTest" time="3.737" errors="0" timestamp="28 ago. 2021 06:15:44 GMT" skipped="0">
  <testcase classname="NewTest" name="f" time="3.737"/>
</testsuite> <!-- NewTest -->
